2026-04-18 19:35:05,667 - INFO -  Data Loading Started ... 
2026-04-18 19:35:05,960 - INFO - Data Loaded Successfully with shape (440833, 12)
2026-04-18 19:35:48,830 - INFO -  Data Loading Started ... 
2026-04-18 19:35:48,830 - ERROR - No Data at the given file path [Errno 2] No such file or directory: 'Dat\\customer_churn_dataset-training-master.csv'
2026-04-18 19:36:19,517 - INFO -  Data Loading Started ... 
2026-04-18 19:36:19,518 - ERROR - No Data at the given file path [Errno 2] No such file or directory: 'Dat\\customer_churn_dataset-training-master.csv'
2026-04-18 19:36:59,451 - INFO -  Data Loading Started ... 
2026-04-18 19:36:59,452 - ERROR - No Data at the given file path [Errno 2] No such file or directory: 'Dat\\customer_churn_dataset-training-master.csv'
2026-04-18 19:37:07,107 - INFO -  Data Loading Started ... 
2026-04-18 19:37:07,374 - INFO - Data Loaded Successfully with shape (440833, 12)
2026-04-18 19:37:27,617 - INFO -  Data Loading Started ... 
2026-04-18 19:37:27,618 - ERROR - No Data at the given file path No columns to parse from file
2026-04-18 19:38:19,430 - INFO -  Data Loading Started ... 
2026-04-18 19:38:19,431 - ERROR - No Data at the given file path No columns to parse from file
2026-04-18 19:41:05,879 - INFO -  Data Loading Started ... 
2026-04-18 19:41:06,143 - INFO - Data Loaded Successfully with shape (440833, 12)
2026-04-18 19:41:24,693 - INFO -  Data Loading Started ... 
2026-04-18 19:41:24,736 - INFO - Data Loaded Successfully with shape (64374, 12)
2026-04-18 19:54:02,518 - INFO -  Data Loading Started ... 
2026-04-18 19:54:02,564 - INFO - Data Loaded Successfully with shape (64374, 12)
2026-04-18 20:17:55,018 - INFO -  Data Loading Started ... 
2026-04-18 20:17:55,297 - INFO - Data Loaded Successfully with shape (440833, 12)
2026-04-18 20:18:12,633 - INFO -  Data Loading Started ... 
2026-04-18 20:18:12,892 - INFO - Data Loaded Successfully with shape (440833, 12)
2026-04-18 20:18:12,892 - INFO -  Data Validation Started .. 
2026-04-18 20:18:12,892 - INFO - Checking Requried Columns in data ... 
2026-04-18 20:18:12,892 - INFO - All Required Columns are present ! 
2026-04-18 20:19:59,294 - INFO -  Data Loading Started ... 
2026-04-18 20:19:59,568 - INFO - Data Loaded Successfully with shape (440833, 12)
2026-04-18 20:19:59,568 - INFO -  Data Validation Started .. 
2026-04-18 20:19:59,568 - INFO - Checking Requried Columns in data ... 
2026-04-18 20:19:59,568 - INFO - All Required Columns are present ! 
2026-04-18 20:19:59,568 - INFO - All Required Columns are present ! 
2026-04-18 20:19:59,569 - INFO - All Required Columns are present ! 
2026-04-18 20:19:59,569 - INFO - All Required Columns are present ! 
2026-04-18 20:19:59,569 - INFO - All Required Columns are present ! 
2026-04-18 20:19:59,569 - INFO - All Required Columns are present ! 
2026-04-18 20:19:59,569 - INFO - All Required Columns are present ! 
2026-04-18 20:19:59,569 - INFO - All Required Columns are present ! 
2026-04-18 20:19:59,569 - INFO - All Required Columns are present ! 
2026-04-18 20:19:59,569 - INFO - All Required Columns are present ! 
2026-04-18 20:19:59,569 - INFO - All Required Columns are present ! 
2026-04-18 20:19:59,569 - INFO - All Required Columns are present ! 
2026-04-18 20:19:59,570 - INFO - Checking for Missing And Duplicate values .
2026-04-18 20:21:23,424 - INFO -  Data Loading Started ... 
2026-04-18 20:21:23,688 - INFO - Data Loaded Successfully with shape (440833, 12)
2026-04-18 20:21:23,688 - INFO -  Data Validation Started .. 
2026-04-18 20:21:23,688 - INFO - Checking Requried Columns in data ... 
2026-04-18 20:21:23,688 - INFO - All Required Columns are present ! 
2026-04-18 20:21:23,689 - INFO - Checking for Missing And Duplicate values .
2026-04-18 20:37:27,527 - INFO -  Data Loading Started ... 
2026-04-18 20:37:27,787 - INFO - Data Loaded Successfully with shape (440833, 12)
2026-04-18 20:37:27,787 - INFO -  Data Validation Started .. 
2026-04-18 20:37:27,787 - INFO - Checking Requried Columns in data ... 
2026-04-18 20:37:27,787 - INFO - All Required Columns are present ! 
2026-04-18 20:37:27,788 - INFO - Checking for Missing And Duplicate values .
2026-04-18 20:37:46,033 - INFO -  Data Loading Started ... 
2026-04-18 20:37:46,307 - INFO - Data Loaded Successfully with shape (440833, 12)
2026-04-18 20:37:46,307 - INFO -  Data Validation Started .. 
2026-04-18 20:37:46,307 - INFO - Checking Requried Columns in data ... 
2026-04-18 20:37:46,307 - INFO - All Required Columns are present ! 
2026-04-18 20:37:46,307 - INFO - Checking for Missing And Duplicate values .
2026-04-18 20:37:46,529 - INFO - No null and duplicate values in data 
2026-04-18 20:38:10,183 - INFO -  Data Loading Started ... 
2026-04-18 20:38:10,443 - INFO - Data Loaded Successfully with shape (440833, 12)
2026-04-18 20:38:10,443 - INFO -  Data Validation Started .. 
2026-04-18 20:38:10,443 - INFO - Checking Requried Columns in data ... 
2026-04-18 20:38:10,443 - INFO - All Required Columns are present ! 
2026-04-18 20:38:10,444 - INFO - Checking for Missing And Duplicate values .
2026-04-18 20:38:10,645 - INFO - No null and duplicate values in data 
2026-04-18 20:38:50,047 - INFO -  Data Loading Started ... 
2026-04-18 20:38:50,320 - INFO - Data Loaded Successfully with shape (440833, 12)
2026-04-18 20:38:50,320 - INFO -  Data Validation Started .. 
2026-04-18 20:38:50,320 - INFO - Checking Requried Columns in data ... 
2026-04-18 20:38:50,320 - INFO - All Required Columns are present ! 
2026-04-18 20:38:50,321 - INFO - Checking for Missing And Duplicate values .
2026-04-18 20:38:50,537 - WARNING - Data have 12  : null values  , 0 : duplicate count 
2026-04-18 21:25:38,645 - INFO -  Data Loading Started ... 
2026-04-18 21:25:38,894 - INFO - Data Loaded Successfully with shape (440833, 12)
2026-04-18 21:25:38,894 - INFO -  Data Validation Started .. 
2026-04-18 21:25:38,894 - INFO - Checking Requried Columns in data ... 
2026-04-18 21:25:38,894 - INFO - All Required Columns are present ! 
2026-04-18 21:25:38,894 - INFO - Checking for Missing And Duplicate values .
2026-04-18 21:25:39,103 - WARNING - Data have 12  : null values  , 0 : duplicate count 
2026-04-18 21:26:20,475 - INFO -  Data Loading Started ... 
2026-04-18 21:26:20,754 - INFO - Data Loaded Successfully with shape (440833, 12)
2026-04-18 21:26:20,755 - INFO -  Data Validation Started .. 
2026-04-18 21:26:20,755 - INFO - Checking Requried Columns in data ... 
2026-04-18 21:26:20,755 - INFO - All Required Columns are present ! 
2026-04-18 21:26:20,755 - INFO -  Checking Data types of columns in Data 
2026-04-18 21:29:06,495 - INFO -  Data Loading Started ... 
2026-04-18 21:29:06,783 - INFO - Data Loaded Successfully with shape (440833, 12)
2026-04-18 21:29:06,784 - INFO -  Data Validation Started .. 
2026-04-18 21:29:06,784 - INFO - Checking Requried Columns in data ... 
2026-04-18 21:29:06,784 - INFO - All Required Columns are present ! 
2026-04-18 21:29:06,784 - INFO -  Checking Data types of columns in Data 
2026-04-18 21:29:31,391 - INFO -  Data Loading Started ... 
2026-04-18 21:29:31,639 - INFO - Data Loaded Successfully with shape (440833, 12)
2026-04-18 21:29:31,639 - INFO -  Data Validation Started .. 
2026-04-18 21:29:31,639 - INFO - Checking Requried Columns in data ... 
2026-04-18 21:29:31,639 - INFO - All Required Columns are present ! 
2026-04-18 21:29:31,640 - INFO -  Checking Data types of columns in Data 
2026-04-18 21:29:31,640 - INFO - Data Type Validation is Successfully Completed ! 
2026-04-18 21:29:31,640 - INFO - Checking for Missing And Duplicate values .
2026-04-18 21:29:31,841 - WARNING - Data have 12  : null values  , 0 : duplicate count 
2026-04-18 21:30:29,161 - INFO -  Data Loading Started ... 
2026-04-18 21:30:29,414 - INFO - Data Loaded Successfully with shape (440833, 12)
2026-04-18 21:30:29,414 - INFO -  Data Validation Started .. 
2026-04-18 21:30:29,414 - INFO - Checking Requried Columns in data ... 
2026-04-18 21:30:29,414 - INFO - All Required Columns are present ! 
2026-04-18 21:30:29,415 - INFO -  Checking Data types of columns in Data 
2026-04-18 21:30:29,415 - INFO - Data Type Validation is Successfully Completed ! 
2026-04-18 21:30:29,416 - INFO - Checking for Missing And Duplicate values .
2026-04-18 21:30:29,622 - WARNING - Data have 12  : null values  , 0 : duplicate count 
2026-04-18 21:30:38,474 - INFO -  Data Loading Started ... 
2026-04-18 21:30:38,797 - INFO - Data Loaded Successfully with shape (440833, 12)
2026-04-18 21:30:38,797 - INFO -  Data Validation Started .. 
2026-04-18 21:30:38,797 - INFO - Checking Requried Columns in data ... 
2026-04-18 21:30:38,797 - INFO - All Required Columns are present ! 
2026-04-18 21:30:38,798 - INFO -  Checking Data types of columns in Data 
2026-04-18 21:30:38,798 - INFO - Data Type Validation is Successfully Completed ! 
2026-04-18 21:30:38,798 - INFO - Checking for Missing And Duplicate values .
2026-04-18 21:30:39,063 - WARNING - Data have 12  : null values  , 0 : duplicate count 
2026-04-18 21:32:03,814 - INFO -  Data Loading Started ... 
2026-04-18 21:32:04,087 - INFO - Data Loaded Successfully with shape (440833, 12)
2026-04-18 21:32:04,087 - INFO -  Data Validation Started .. 
2026-04-18 21:32:04,087 - INFO - Checking Requried Columns in data ... 
2026-04-18 21:32:04,087 - INFO - All Required Columns are present ! 
2026-04-18 21:32:04,087 - INFO -  Checking Data types of columns in Data 
2026-04-18 21:32:04,088 - INFO - Data Type Validation is Successfully Completed ! 
2026-04-18 21:32:04,088 - INFO - Checking for Missing And Duplicate values .
2026-04-18 21:32:04,303 - WARNING - Data have 12  : null values  , 0 : duplicate count 
2026-04-18 21:33:14,394 - INFO -  Data Loading Started ... 
2026-04-18 21:33:14,657 - INFO - Data Loaded Successfully with shape (440833, 12)
2026-04-18 21:33:14,657 - INFO -  Data Validation Started .. 
2026-04-18 21:33:14,657 - INFO - Checking Requried Columns in data ... 
2026-04-18 21:33:14,657 - INFO - All Required Columns are present ! 
2026-04-18 21:33:14,657 - INFO -  Checking Data types of columns in Data 
2026-04-18 21:33:14,657 - INFO - Data Type Validation is Successfully Completed ! 
2026-04-18 21:33:14,657 - INFO - Checking for Missing And Duplicate values .
2026-04-18 21:33:14,868 - WARNING - Data have 12  : null values  , 0 : duplicate count 
2026-04-18 21:37:31,165 - INFO -  Data Loading Started ... 
2026-04-18 21:37:31,436 - INFO - Data Loaded Successfully with shape (440833, 12)
2026-04-18 21:37:31,436 - INFO - Data Validation Started ... 
2026-04-18 21:37:31,436 - INFO - Checking Requried Columns in data ... 
2026-04-18 21:37:31,436 - INFO - Column Validation Done !
2026-04-18 21:37:31,436 - INFO -  Checking Data types of columns in Data 
2026-04-18 21:37:31,436 - INFO - Data Type Validation is Successfully Completed ! 
2026-04-18 21:37:31,436 - INFO - Checking for Missing And Duplicate values .
2026-04-18 21:37:31,693 - WARNING - Data have 12  : null values  , 0 : duplicate count 
2026-04-18 21:37:31,693 - INFO - Data Validation Done ! 
2026-04-18 22:23:02,099 - INFO -  Data Loading Started ... 
2026-04-18 22:23:02,382 - INFO - Data Loaded Successfully with shape (440833, 12)
2026-04-18 22:24:07,539 - INFO -  Data Loading Started ... 
2026-04-18 22:24:07,795 - INFO - Data Loaded Successfully with shape (440833, 12)
2026-04-18 22:25:39,110 - INFO -  Data Loading Started ... 
2026-04-18 22:25:39,354 - INFO - Data Loaded Successfully with shape (440833, 12)
2026-04-18 22:27:20,481 - INFO -  Data Loading Started ... 
2026-04-18 22:27:20,740 - INFO - Data Loaded Successfully with shape (440833, 12)
2026-04-18 22:27:39,475 - INFO -  Data Loading Started ... 
2026-04-18 22:27:39,726 - INFO - Data Loaded Successfully with shape (440833, 12)
2026-04-18 22:28:34,329 - INFO -  Data Loading Started ... 
2026-04-18 22:28:34,559 - INFO - Data Loaded Successfully with shape (440833, 12)
2026-04-19 00:01:27,550 - INFO -  Data Loading Started ... 
2026-04-19 00:01:28,069 - INFO - Data Loaded Successfully with shape (440833, 12)
2026-04-19 00:01:28,069 - INFO - Data Validation Started ... 
2026-04-19 00:01:28,069 - INFO - Checking Requried Columns in data ... 
2026-04-19 00:01:28,070 - INFO - Column Validation Done !
2026-04-19 00:01:28,070 - INFO -  Checking Data types of columns in Data 
2026-04-19 00:01:28,070 - INFO - Data Type Validation is Successfully Completed ! 
2026-04-19 00:01:28,070 - INFO - Checking for Missing And Duplicate values .
2026-04-19 00:01:28,456 - WARNING - Data have 12  : null values  , 0 : duplicate count 
2026-04-19 00:01:28,457 - INFO - Data Validation Done ! 
2026-04-19 00:01:28,481 - INFO - Starting Data cleaning....
2026-04-19 00:01:28,481 - INFO - Removing Null values....
2026-04-19 00:01:28,623 - INFO - Removing Duplicate values....
2026-04-19 00:01:28,816 - INFO - Removing unnecessory columns...
2026-04-19 00:01:28,838 - INFO - Cleaning Done ! 
2026-04-19 00:01:28,843 - INFO - Starting feature  encoding ....
2026-04-19 00:01:28,843 - INFO - Converting Gender : categorical --> numarical 
2026-04-19 00:01:28,933 - INFO - Converting subscription Type : categorical --> Numarical
2026-04-19 00:01:28,965 - INFO - Converting Contract Lenght : categorical --> Numarical
2026-04-19 00:01:28,995 - INFO - Categorical feature Encoding Done ! 
2026-04-19 12:37:05,018 - INFO -  Data Loading Started ... 
2026-04-19 12:37:05,533 - INFO - Data Loaded Successfully with shape (440833, 12)
2026-04-19 12:37:05,533 - INFO - Starting Feature Scaling 
2026-04-19 12:37:05,533 - INFO -  Data Loading Started ... 
2026-04-19 12:37:06,035 - INFO - Data Loaded Successfully with shape (440833, 12)
2026-04-19 12:37:51,400 - INFO -  Data Loading Started ... 
2026-04-19 12:37:51,908 - INFO - Data Loaded Successfully with shape (440833, 12)
2026-04-19 12:37:51,908 - INFO - Starting Feature Scaling 
2026-04-19 12:37:51,908 - INFO -  Data Loading Started ... 
2026-04-19 12:37:52,392 - INFO - Data Loaded Successfully with shape (440833, 12)
2026-04-19 12:38:58,344 - INFO -  Data Loading Started ... 
2026-04-19 12:38:58,784 - INFO - Data Loaded Successfully with shape (440833, 12)
2026-04-19 12:38:58,784 - INFO - Starting Feature Scaling 
2026-04-19 12:38:58,784 - INFO -  Data Loading Started ... 
2026-04-19 12:38:59,294 - INFO - Data Loaded Successfully with shape (440833, 12)
2026-04-19 12:39:53,114 - INFO -  Data Loading Started ... 
2026-04-19 12:39:53,552 - INFO - Data Loaded Successfully with shape (440833, 12)
2026-04-19 12:39:53,553 - INFO - Starting Feature Scaling 
2026-04-19 12:39:53,553 - INFO -  Data Loading Started ... 
2026-04-19 12:39:53,995 - INFO - Data Loaded Successfully with shape (440833, 12)
2026-04-19 12:40:36,741 - INFO -  Data Loading Started ... 
2026-04-19 12:40:37,200 - INFO - Data Loaded Successfully with shape (440833, 12)
2026-04-19 12:40:37,200 - INFO - Starting Feature Scaling 
2026-04-19 12:40:37,200 - INFO -  Data Loading Started ... 
2026-04-19 12:40:37,653 - INFO - Data Loaded Successfully with shape (440833, 12)
2026-04-19 12:49:29,831 - INFO -  Data Loading Started ... 
2026-04-19 12:49:30,304 - INFO - Data Loaded Successfully with shape (440833, 12)
2026-04-19 12:49:30,304 - INFO - Data Validation Started ... 
2026-04-19 12:49:30,304 - INFO - Checking Requried Columns in data ... 
2026-04-19 12:49:30,305 - INFO - Column Validation Done !
2026-04-19 12:49:30,305 - INFO -  Checking Data types of columns in Data 
2026-04-19 12:49:30,305 - INFO - Data Type Validation is Successfully Completed ! 
2026-04-19 12:49:30,305 - INFO - Checking for Missing And Duplicate values .
2026-04-19 12:49:30,669 - WARNING - Data have 12  : null values  , 0 : duplicate count 
2026-04-19 12:49:30,670 - INFO - Data Validation Done ! 
2026-04-19 12:49:30,691 - INFO - Starting Data cleaning....
2026-04-19 12:49:30,691 - INFO - Removing Null values....
2026-04-19 12:49:30,844 - INFO - Removing Duplicate values....
2026-04-19 12:49:31,231 - INFO - Removing unnecessory columns...
2026-04-19 12:49:31,274 - INFO - Cleaning Done ! 
2026-04-19 12:49:31,289 - INFO - Starting feature  encoding ....
2026-04-19 12:49:31,289 - INFO - Converting Gender : categorical --> numarical 
2026-04-19 12:49:31,379 - INFO - Converting subscription Type : categorical --> Numarical
2026-04-19 12:49:31,424 - INFO - Converting Contract Lenght : categorical --> Numarical
2026-04-19 12:49:31,470 - INFO - Categorical feature Encoding Done ! 
2026-04-19 12:49:31,476 - INFO - Starting Feature Scaling 
2026-04-19 12:49:31,476 - INFO -  Data Loading Started ... 
2026-04-19 12:49:32,079 - INFO - Data Loaded Successfully with shape (440833, 12)
2026-04-19 12:50:20,587 - INFO -  Data Loading Started ... 
2026-04-19 12:50:21,018 - INFO - Data Loaded Successfully with shape (440833, 12)
2026-04-19 12:50:21,018 - INFO - Data Validation Started ... 
2026-04-19 12:50:21,018 - INFO - Checking Requried Columns in data ... 
2026-04-19 12:50:21,019 - INFO - Column Validation Done !
2026-04-19 12:50:21,019 - INFO -  Checking Data types of columns in Data 
2026-04-19 12:50:21,019 - INFO - Data Type Validation is Successfully Completed ! 
2026-04-19 12:50:21,019 - INFO - Checking for Missing And Duplicate values .
2026-04-19 12:50:21,416 - WARNING - Data have 12  : null values  , 0 : duplicate count 
2026-04-19 12:50:21,417 - INFO - Data Validation Done ! 
2026-04-19 12:50:21,471 - INFO - Starting Data cleaning....
2026-04-19 12:50:21,472 - INFO - Removing Null values....
2026-04-19 12:50:21,660 - INFO - Removing Duplicate values....
2026-04-19 12:50:21,915 - INFO - Removing unnecessory columns...
2026-04-19 12:50:21,940 - INFO - Cleaning Done ! 
2026-04-19 12:50:21,945 - INFO - Starting feature  encoding ....
2026-04-19 12:50:21,946 - INFO - Converting Gender : categorical --> numarical 
2026-04-19 12:50:22,039 - INFO - Converting subscription Type : categorical --> Numarical
2026-04-19 12:50:22,078 - INFO - Converting Contract Lenght : categorical --> Numarical
2026-04-19 12:50:22,113 - INFO - Categorical feature Encoding Done ! 
2026-04-19 12:52:57,158 - INFO -  Data Loading Started ... 
2026-04-19 12:52:57,628 - INFO - Data Loaded Successfully with shape (440833, 12)
2026-04-19 12:52:57,628 - INFO - Data Validation Started ... 
2026-04-19 12:52:57,628 - INFO - Checking Requried Columns in data ... 
2026-04-19 12:52:57,629 - INFO - Column Validation Done !
2026-04-19 12:52:57,629 - INFO -  Checking Data types of columns in Data 
2026-04-19 12:52:57,629 - INFO - Data Type Validation is Successfully Completed ! 
2026-04-19 12:52:57,629 - INFO - Checking for Missing And Duplicate values .
2026-04-19 12:52:58,056 - WARNING - Data have 12  : null values  , 0 : duplicate count 
2026-04-19 12:52:58,057 - INFO - Data Validation Done ! 
2026-04-19 12:52:58,078 - INFO - Starting Data cleaning....
2026-04-19 12:52:58,078 - INFO - Removing Null values....
2026-04-19 12:52:58,242 - INFO - Removing Duplicate values....
2026-04-19 12:52:58,457 - INFO - Removing unnecessory columns...
2026-04-19 12:52:58,481 - INFO - Cleaning Done ! 
2026-04-19 12:52:58,491 - INFO - Starting feature  encoding ....
2026-04-19 12:52:58,491 - INFO - Converting Gender : categorical --> numarical 
2026-04-19 12:52:58,578 - INFO - Converting subscription Type : categorical --> Numarical
2026-04-19 12:52:58,616 - INFO - Converting Contract Lenght : categorical --> Numarical
2026-04-19 12:52:58,648 - INFO - Categorical feature Encoding Done ! 
2026-04-19 12:55:31,750 - INFO -  Data Loading Started ... 
2026-04-19 12:55:32,234 - INFO - Data Loaded Successfully with shape (440833, 12)
2026-04-19 12:55:32,234 - INFO - Data Validation Started ... 
2026-04-19 12:55:32,234 - INFO - Checking Requried Columns in data ... 
2026-04-19 12:55:32,234 - INFO - Column Validation Done !
2026-04-19 12:55:32,234 - INFO -  Checking Data types of columns in Data 
2026-04-19 12:55:32,235 - INFO - Data Type Validation is Successfully Completed ! 
2026-04-19 12:55:32,235 - INFO - Checking for Missing And Duplicate values .
2026-04-19 12:55:32,629 - WARNING - Data have 12  : null values  , 0 : duplicate count 
2026-04-19 12:55:32,630 - INFO - Data Validation Done ! 
2026-04-19 12:55:32,646 - INFO - Starting Data cleaning....
2026-04-19 12:55:32,646 - INFO - Removing Null values....
2026-04-19 12:55:32,846 - INFO - Removing Duplicate values....
2026-04-19 12:55:33,103 - INFO - Removing unnecessory columns...
2026-04-19 12:55:33,131 - INFO - Cleaning Done ! 
2026-04-19 12:55:33,138 - INFO - Starting feature  encoding ....
2026-04-19 12:55:33,138 - INFO - Converting Gender : categorical --> numarical 
2026-04-19 12:55:33,234 - INFO - Converting subscription Type : categorical --> Numarical
2026-04-19 12:55:33,282 - INFO - Converting Contract Lenght : categorical --> Numarical
2026-04-19 12:55:33,321 - INFO - Categorical feature Encoding Done ! 
2026-04-19 13:03:36,594 - INFO -  Data Loading Started ... 
2026-04-19 13:03:37,104 - INFO - Data Loaded Successfully with shape (440833, 12)
2026-04-19 13:03:37,104 - INFO - Data Validation Started ... 
2026-04-19 13:03:37,104 - INFO - Checking Requried Columns in data ... 
2026-04-19 13:03:37,104 - INFO - Column Validation Done !
2026-04-19 13:03:37,104 - INFO -  Checking Data types of columns in Data 
2026-04-19 13:03:37,105 - INFO - Data Type Validation is Successfully Completed ! 
2026-04-19 13:03:37,105 - INFO - Checking for Missing And Duplicate values .
2026-04-19 13:03:37,434 - WARNING - Data have 12  : null values  , 0 : duplicate count 
2026-04-19 13:03:37,434 - INFO - Data Validation Done ! 
2026-04-19 13:03:37,461 - INFO - Starting data cleaning...
2026-04-19 13:03:37,543 - INFO - Null values found: 12
2026-04-19 13:03:37,629 - INFO - Removed 1 rows with null values
2026-04-19 13:03:37,832 - INFO - Duplicate rows found: 0
2026-04-19 13:03:37,833 - INFO - Removing unnecessary columns...
2026-04-19 13:03:37,856 - INFO - Dropped columns: ['CustomerID']
2026-04-19 13:03:37,856 - INFO - Cleaning completed successfully
2026-04-19 13:03:37,863 - INFO - Starting feature  encoding ....
2026-04-19 13:03:37,863 - INFO - Converting Gender : categorical --> numarical 
2026-04-19 13:03:37,951 - INFO - Converting subscription Type : categorical --> Numarical
2026-04-19 13:03:37,981 - INFO - Converting Contract Lenght : categorical --> Numarical
2026-04-19 13:03:38,025 - INFO - Categorical feature Encoding Done ! 
2026-04-19 13:04:06,405 - INFO -  Data Loading Started ... 
2026-04-19 13:04:06,859 - INFO - Data Loaded Successfully with shape (440833, 12)
2026-04-19 13:04:06,859 - INFO - Data Validation Started ... 
2026-04-19 13:04:06,859 - INFO - Checking Requried Columns in data ... 
2026-04-19 13:04:06,859 - INFO - Column Validation Done !
2026-04-19 13:04:06,859 - INFO -  Checking Data types of columns in Data 
2026-04-19 13:04:06,860 - INFO - Data Type Validation is Successfully Completed ! 
2026-04-19 13:04:06,860 - INFO - Checking for Missing And Duplicate values .
2026-04-19 13:04:07,214 - WARNING - Data have 12  : null values  , 0 : duplicate count 
2026-04-19 13:04:07,214 - INFO - Data Validation Done ! 
2026-04-19 13:04:07,231 - INFO - Starting data cleaning...
2026-04-19 13:04:07,330 - INFO - Null values found: 12
2026-04-19 13:04:07,411 - INFO - Removed 1 rows with null values
2026-04-19 13:04:07,618 - INFO - Duplicate rows found: 0
2026-04-19 13:04:07,618 - INFO - Removing unnecessary columns...
2026-04-19 13:04:07,641 - INFO - Dropped columns: ['CustomerID']
2026-04-19 13:04:07,641 - INFO - Cleaning completed successfully
2026-04-19 13:04:07,648 - INFO - Starting feature  encoding ....
2026-04-19 13:04:07,648 - INFO - Converting Gender : categorical --> numarical 
2026-04-19 13:04:07,720 - INFO - Converting subscription Type : categorical --> Numarical
2026-04-19 13:04:07,771 - INFO - Converting Contract Lenght : categorical --> Numarical
2026-04-19 13:04:07,808 - INFO - Categorical feature Encoding Done ! 
2026-04-19 13:04:07,812 - INFO - Starting Feature Scaling 
2026-04-19 13:04:07,812 - INFO -  Data Loading Started ... 
2026-04-19 13:04:08,282 - INFO - Data Loaded Successfully with shape (440833, 12)
2026-04-19 13:07:52,664 - INFO -  Data Loading Started ... 
2026-04-19 13:07:53,105 - INFO - Data Loaded Successfully with shape (440833, 12)
2026-04-19 13:07:53,105 - INFO - Data Validation Started ... 
2026-04-19 13:07:53,105 - INFO - Checking Requried Columns in data ... 
2026-04-19 13:07:53,105 - INFO - Column Validation Done !
2026-04-19 13:07:53,105 - INFO -  Checking Data types of columns in Data 
2026-04-19 13:07:53,106 - INFO - Data Type Validation is Successfully Completed ! 
2026-04-19 13:07:53,106 - INFO - Checking for Missing And Duplicate values .
2026-04-19 13:07:53,426 - WARNING - Data have 12  : null values  , 0 : duplicate count 
2026-04-19 13:07:53,426 - INFO - Data Validation Done ! 
2026-04-19 13:07:53,443 - INFO - Starting data cleaning...
2026-04-19 13:07:53,541 - INFO - Null values found: 12
2026-04-19 13:07:53,644 - INFO - Removed 1 rows with null values
2026-04-19 13:07:53,841 - INFO - Duplicate rows found: 0
2026-04-19 13:07:53,841 - INFO - Removing unnecessary columns...
2026-04-19 13:07:53,864 - INFO - Dropped columns: ['CustomerID']
2026-04-19 13:07:53,864 - INFO - Cleaning completed successfully
2026-04-19 13:07:53,873 - INFO - Starting feature  encoding ....
2026-04-19 13:07:53,873 - INFO - Converting Gender : categorical --> numarical 
2026-04-19 13:07:53,947 - INFO - Converting subscription Type : categorical --> Numarical
2026-04-19 13:07:53,983 - INFO - Converting Contract Lenght : categorical --> Numarical
2026-04-19 13:07:54,020 - INFO - Categorical feature Encoding Done ! 
2026-04-19 13:10:15,104 - INFO -  Data Loading Started ... 
2026-04-19 13:10:15,556 - INFO - Data Loaded Successfully with shape (440833, 12)
2026-04-19 13:10:15,556 - INFO - Data Validation Started ... 
2026-04-19 13:10:15,556 - INFO - Checking Requried Columns in data ... 
2026-04-19 13:10:15,556 - INFO - Column Validation Done !
2026-04-19 13:10:15,556 - INFO -  Checking Data types of columns in Data 
2026-04-19 13:10:15,557 - INFO - Data Type Validation is Successfully Completed ! 
2026-04-19 13:10:15,557 - INFO - Checking for Missing And Duplicate values .
2026-04-19 13:10:15,889 - WARNING - Data have 12  : null values  , 0 : duplicate count 
2026-04-19 13:10:15,890 - INFO - Data Validation Done ! 
2026-04-19 13:11:09,376 - INFO -  Data Loading Started ... 
2026-04-19 13:11:09,902 - INFO - Data Loaded Successfully with shape (440833, 12)
2026-04-19 13:11:09,902 - INFO - Data Validation Started ... 
2026-04-19 13:11:09,902 - INFO - Checking Requried Columns in data ... 
2026-04-19 13:11:09,902 - INFO - Column Validation Done !
2026-04-19 13:11:09,902 - INFO -  Checking Data types of columns in Data 
2026-04-19 13:11:09,903 - INFO - Data Type Validation is Successfully Completed ! 
2026-04-19 13:11:09,903 - INFO - Checking for Missing And Duplicate values .
2026-04-19 13:11:10,309 - WARNING - Data have 12  : null values  , 0 : duplicate count 
2026-04-19 13:11:10,309 - INFO - Data Validation Done ! 
2026-04-19 13:11:20,457 - INFO -  Data Loading Started ... 
2026-04-19 13:11:20,979 - INFO - Data Loaded Successfully with shape (440833, 12)
2026-04-19 13:11:20,979 - INFO - Data Validation Started ... 
2026-04-19 13:11:20,979 - INFO - Checking Requried Columns in data ... 
2026-04-19 13:11:20,979 - INFO - Column Validation Done !
2026-04-19 13:11:20,979 - INFO -  Checking Data types of columns in Data 
2026-04-19 13:11:20,980 - INFO - Data Type Validation is Successfully Completed ! 
2026-04-19 13:11:20,980 - INFO - Checking for Missing And Duplicate values .
2026-04-19 13:11:21,401 - WARNING - Data have 12  : null values  , 0 : duplicate count 
2026-04-19 13:11:21,402 - INFO - Data Validation Done ! 
2026-04-19 13:12:23,529 - INFO -  Data Loading Started ... 
2026-04-19 13:12:24,117 - INFO - Data Loaded Successfully with shape (440833, 12)
2026-04-19 13:12:24,117 - INFO - Data Validation Started ... 
2026-04-19 13:12:24,117 - INFO - Checking Requried Columns in data ... 
2026-04-19 13:12:24,117 - INFO - Column Validation Done !
2026-04-19 13:12:24,118 - INFO -  Checking Data types of columns in Data 
2026-04-19 13:12:24,118 - INFO - Data Type Validation is Successfully Completed ! 
2026-04-19 13:12:24,118 - INFO - Checking for Missing And Duplicate values .
2026-04-19 13:12:24,505 - WARNING - Data have 12  : null values  , 0 : duplicate count 
2026-04-19 13:12:24,505 - INFO - Data Validation Done ! 
2026-04-19 13:12:24,523 - INFO - Starting data cleaning...
2026-04-19 13:12:24,630 - INFO - Null values found: 12
2026-04-19 13:12:24,750 - INFO - Removed 1 rows with null values
2026-04-19 13:12:25,029 - INFO - Duplicate rows found: 0
2026-04-19 13:12:25,029 - INFO - Removing unnecessary columns...
2026-04-19 13:12:25,056 - INFO - Dropped columns: ['CustomerID']
2026-04-19 13:12:25,056 - INFO - Cleaning completed successfully
2026-04-19 13:12:25,061 - INFO - Starting feature  encoding ....
2026-04-19 13:12:25,062 - INFO - Converting Gender : categorical --> numarical 
2026-04-19 13:12:25,137 - INFO - Converting subscription Type : categorical --> Numarical
2026-04-19 13:12:25,172 - INFO - Converting Contract Lenght : categorical --> Numarical
2026-04-19 13:12:25,205 - INFO - Categorical feature Encoding Done ! 
2026-04-19 13:13:13,948 - INFO -  Data Loading Started ... 
2026-04-19 13:13:14,419 - INFO - Data Loaded Successfully with shape (440833, 12)
2026-04-19 13:13:14,419 - INFO - Data Validation Started ... 
2026-04-19 13:13:14,419 - INFO - Checking Requried Columns in data ... 
2026-04-19 13:13:14,419 - INFO - Column Validation Done !
2026-04-19 13:13:14,420 - INFO -  Checking Data types of columns in Data 
2026-04-19 13:13:14,420 - INFO - Data Type Validation is Successfully Completed ! 
2026-04-19 13:13:14,420 - INFO - Checking for Missing And Duplicate values .
2026-04-19 13:13:14,752 - WARNING - Data have 12  : null values  , 0 : duplicate count 
2026-04-19 13:13:14,752 - INFO - Data Validation Done ! 
2026-04-19 13:13:14,771 - INFO - Starting data cleaning...
2026-04-19 13:13:14,859 - INFO - Null values found: 12
2026-04-19 13:13:14,946 - INFO - Removed 1 rows with null values
2026-04-19 13:13:15,170 - INFO - Duplicate rows found: 0
2026-04-19 13:13:15,170 - INFO - Removing unnecessary columns...
2026-04-19 13:13:15,192 - INFO - Dropped columns: ['CustomerID']
2026-04-19 13:13:15,192 - INFO - Cleaning completed successfully
2026-04-19 13:13:15,199 - INFO - Starting feature  encoding ....
2026-04-19 13:13:15,199 - INFO - Converting Gender : categorical --> numarical 
2026-04-19 13:13:15,272 - INFO - Converting subscription Type : categorical --> Numarical
2026-04-19 13:13:15,306 - INFO - Converting Contract Lenght : categorical --> Numarical
2026-04-19 13:13:15,336 - INFO - Categorical feature Encoding Done ! 
2026-04-19 13:13:15,342 - INFO - Starting Feature Scaling 
2026-04-19 13:13:15,342 - INFO -  Data Loading Started ... 
2026-04-19 13:13:15,795 - INFO - Data Loaded Successfully with shape (440833, 12)
2026-04-19 13:15:58,009 - INFO -  Data Loading Started ... 
2026-04-19 13:15:58,467 - INFO - Data Loaded Successfully with shape (440833, 12)
2026-04-19 13:15:58,467 - INFO - Data Validation Started ... 
2026-04-19 13:15:58,467 - INFO - Checking Requried Columns in data ... 
2026-04-19 13:15:58,467 - INFO - Column Validation Done !
2026-04-19 13:15:58,467 - INFO -  Checking Data types of columns in Data 
2026-04-19 13:15:58,468 - INFO - Data Type Validation is Successfully Completed ! 
2026-04-19 13:15:58,468 - INFO - Checking for Missing And Duplicate values .
2026-04-19 13:15:58,805 - WARNING - Data have 12  : null values  , 0 : duplicate count 
2026-04-19 13:15:58,805 - INFO - Data Validation Done ! 
2026-04-19 13:15:58,822 - INFO - Starting data cleaning...
2026-04-19 13:15:58,928 - INFO - Null values found: 12
2026-04-19 13:15:59,010 - INFO - Removed 1 rows with null values
2026-04-19 13:15:59,219 - INFO - Duplicate rows found: 0
2026-04-19 13:15:59,219 - INFO - Removing unnecessary columns...
2026-04-19 13:15:59,253 - INFO - Dropped columns: ['CustomerID']
2026-04-19 13:15:59,253 - INFO - Cleaning completed successfully
2026-04-19 13:15:59,258 - INFO - Starting feature  encoding ....
2026-04-19 13:15:59,258 - INFO - Converting Gender : categorical --> numarical 
2026-04-19 13:15:59,336 - INFO - Converting subscription Type : categorical --> Numarical
2026-04-19 13:15:59,365 - INFO - Converting Contract Lenght : categorical --> Numarical
2026-04-19 13:15:59,395 - INFO - Categorical feature Encoding Done ! 
2026-04-19 13:15:59,400 - INFO - Starting Feature Scaling 
2026-04-19 13:15:59,400 - INFO -  Data Loading Started ... 
2026-04-19 13:15:59,922 - INFO - Data Loaded Successfully with shape (440833, 12)
2026-04-19 13:16:23,385 - INFO -  Data Loading Started ... 
2026-04-19 13:16:23,873 - INFO - Data Loaded Successfully with shape (440833, 12)
2026-04-19 13:16:23,873 - INFO - Data Validation Started ... 
2026-04-19 13:16:23,873 - INFO - Checking Requried Columns in data ... 
2026-04-19 13:16:23,874 - INFO - Column Validation Done !
2026-04-19 13:16:23,874 - INFO -  Checking Data types of columns in Data 
2026-04-19 13:16:23,874 - INFO - Data Type Validation is Successfully Completed ! 
2026-04-19 13:16:23,874 - INFO - Checking for Missing And Duplicate values .
2026-04-19 13:16:24,274 - WARNING - Data have 12  : null values  , 0 : duplicate count 
2026-04-19 13:16:24,274 - INFO - Data Validation Done ! 
2026-04-19 13:16:24,291 - INFO - Starting data cleaning...
2026-04-19 13:16:24,383 - INFO - Null values found: 12
2026-04-19 13:16:24,470 - INFO - Removed 1 rows with null values
2026-04-19 13:16:24,695 - INFO - Duplicate rows found: 0
2026-04-19 13:16:24,696 - INFO - Removing unnecessary columns...
2026-04-19 13:16:24,720 - INFO - Dropped columns: ['CustomerID']
2026-04-19 13:16:24,720 - INFO - Cleaning completed successfully
2026-04-19 13:16:24,730 - INFO - Starting feature  encoding ....
2026-04-19 13:16:24,730 - INFO - Converting Gender : categorical --> numarical 
2026-04-19 13:16:24,806 - INFO - Converting subscription Type : categorical --> Numarical
2026-04-19 13:16:24,836 - INFO - Converting Contract Lenght : categorical --> Numarical
2026-04-19 13:16:24,867 - INFO - Categorical feature Encoding Done ! 
2026-04-19 13:16:24,871 - INFO - Starting Feature Scaling 
2026-04-19 13:16:24,871 - INFO -  Data Loading Started ... 
2026-04-19 13:16:25,326 - INFO - Data Loaded Successfully with shape (440833, 12)
2026-04-19 13:17:29,773 - INFO -  Data Loading Started ... 
2026-04-19 13:17:30,349 - INFO - Data Loaded Successfully with shape (440833, 12)
2026-04-19 13:17:30,349 - INFO - Data Validation Started ... 
2026-04-19 13:17:30,350 - INFO - Checking Requried Columns in data ... 
2026-04-19 13:17:30,350 - INFO - Column Validation Done !
2026-04-19 13:17:30,350 - INFO -  Checking Data types of columns in Data 
2026-04-19 13:17:30,351 - INFO - Data Type Validation is Successfully Completed ! 
2026-04-19 13:17:30,351 - INFO - Checking for Missing And Duplicate values .
2026-04-19 13:17:30,755 - WARNING - Data have 12  : null values  , 0 : duplicate count 
2026-04-19 13:17:30,755 - INFO - Data Validation Done ! 
2026-04-19 13:17:30,782 - INFO - Starting data cleaning...
2026-04-19 13:17:30,882 - INFO - Null values found: 12
2026-04-19 13:17:30,991 - INFO - Removed 1 rows with null values
2026-04-19 13:17:31,228 - INFO - Duplicate rows found: 0
2026-04-19 13:17:31,229 - INFO - Removing unnecessary columns...
2026-04-19 13:17:31,254 - INFO - Dropped columns: ['CustomerID']
2026-04-19 13:17:31,254 - INFO - Cleaning completed successfully
2026-04-19 13:17:31,265 - INFO - Starting feature  encoding ....
2026-04-19 13:17:31,265 - INFO - Converting Gender : categorical --> numarical 
2026-04-19 13:17:31,334 - INFO - Converting subscription Type : categorical --> Numarical
2026-04-19 13:17:31,377 - INFO - Converting Contract Lenght : categorical --> Numarical
2026-04-19 13:17:31,423 - INFO - Categorical feature Encoding Done ! 
2026-04-19 13:17:31,428 - INFO - Starting Feature Scaling 
2026-04-19 13:17:31,428 - INFO -  Data Loading Started ... 
2026-04-19 13:17:32,012 - INFO - Data Loaded Successfully with shape (440833, 12)
2026-04-19 13:17:32,012 - WARNING - Missing or Extra  Numaric values are there ...
2026-04-19 13:19:35,570 - INFO -  Data Loading Started ... 
2026-04-19 13:19:36,098 - INFO - Data Loaded Successfully with shape (440833, 12)
2026-04-19 13:19:36,098 - INFO - Data Validation Started ... 
2026-04-19 13:19:36,098 - INFO - Checking Requried Columns in data ... 
2026-04-19 13:19:36,098 - INFO - Column Validation Done !
2026-04-19 13:19:36,098 - INFO -  Checking Data types of columns in Data 
2026-04-19 13:19:36,099 - INFO - Data Type Validation is Successfully Completed ! 
2026-04-19 13:19:36,099 - INFO - Checking for Missing And Duplicate values .
2026-04-19 13:19:36,433 - WARNING - Data have 12  : null values  , 0 : duplicate count 
2026-04-19 13:19:36,433 - INFO - Data Validation Done ! 
2026-04-19 13:19:36,449 - INFO - Starting data cleaning...
2026-04-19 13:19:36,545 - INFO - Null values found: 12
2026-04-19 13:19:36,630 - INFO - Removed 1 rows with null values
2026-04-19 13:19:36,839 - INFO - Duplicate rows found: 0
2026-04-19 13:19:36,839 - INFO - Removing unnecessary columns...
2026-04-19 13:19:36,861 - INFO - Dropped columns: ['CustomerID']
2026-04-19 13:19:36,861 - INFO - Cleaning completed successfully
2026-04-19 13:19:36,867 - INFO - Starting feature  encoding ....
2026-04-19 13:19:36,867 - INFO - Converting Gender : categorical --> numarical 
2026-04-19 13:19:36,957 - INFO - Converting subscription Type : categorical --> Numarical
2026-04-19 13:19:36,988 - INFO - Converting Contract Lenght : categorical --> Numarical
2026-04-19 13:19:37,025 - INFO - Categorical feature Encoding Done ! 
2026-04-19 13:19:37,029 - INFO - Starting Feature Scaling 
2026-04-19 13:19:37,029 - INFO -  Data Loading Started ... 
2026-04-19 13:19:37,522 - INFO - Data Loaded Successfully with shape (440833, 12)
2026-04-19 13:19:37,523 - INFO - Spliting the Data ...
2026-04-19 13:22:36,197 - INFO -  Data Loading Started ... 
2026-04-19 13:22:36,675 - INFO - Data Loaded Successfully with shape (440833, 12)
2026-04-19 13:22:36,675 - INFO - Data Validation Started ... 
2026-04-19 13:22:36,675 - INFO - Checking Requried Columns in data ... 
2026-04-19 13:22:36,675 - INFO - Column Validation Done !
2026-04-19 13:22:36,675 - INFO -  Checking Data types of columns in Data 
2026-04-19 13:22:36,676 - INFO - Data Type Validation is Successfully Completed ! 
2026-04-19 13:22:36,676 - INFO - Checking for Missing And Duplicate values .
2026-04-19 13:22:37,031 - WARNING - Data have 12  : null values  , 0 : duplicate count 
2026-04-19 13:22:37,031 - INFO - Data Validation Done ! 
2026-04-19 13:22:37,054 - INFO - Starting data cleaning...
2026-04-19 13:22:37,171 - INFO - Null values found: 12
2026-04-19 13:22:37,270 - INFO - Removed 1 rows with null values
2026-04-19 13:22:37,507 - INFO - Duplicate rows found: 0
2026-04-19 13:22:37,508 - INFO - Removing unnecessary columns...
2026-04-19 13:22:37,537 - INFO - Dropped columns: ['CustomerID']
2026-04-19 13:22:37,537 - INFO - Cleaning completed successfully
2026-04-19 13:22:37,544 - INFO - Starting feature  encoding ....
2026-04-19 13:22:37,544 - INFO - Converting Gender : categorical --> numarical 
2026-04-19 13:22:37,632 - INFO - Converting subscription Type : categorical --> Numarical
2026-04-19 13:22:37,667 - INFO - Converting Contract Lenght : categorical --> Numarical
2026-04-19 13:22:37,701 - INFO - Categorical feature Encoding Done ! 
2026-04-19 13:22:37,705 - INFO - Starting Feature Scaling 
2026-04-19 13:22:37,706 - INFO -  Data Loading Started ... 
2026-04-19 13:22:38,239 - INFO - Data Loaded Successfully with shape (440833, 12)
2026-04-19 13:22:38,240 - INFO - Spliting the Data ...
2026-04-19 13:23:04,186 - INFO -  Data Loading Started ... 
2026-04-19 13:23:04,633 - INFO - Data Loaded Successfully with shape (440833, 12)
2026-04-19 13:23:04,633 - INFO - Data Validation Started ... 
2026-04-19 13:23:04,634 - INFO - Checking Requried Columns in data ... 
2026-04-19 13:23:04,634 - INFO - Column Validation Done !
2026-04-19 13:23:04,634 - INFO -  Checking Data types of columns in Data 
2026-04-19 13:23:04,634 - INFO - Data Type Validation is Successfully Completed ! 
2026-04-19 13:23:04,634 - INFO - Checking for Missing And Duplicate values .
2026-04-19 13:23:04,965 - WARNING - Data have 12  : null values  , 0 : duplicate count 
2026-04-19 13:23:04,965 - INFO - Data Validation Done ! 
2026-04-19 13:23:04,982 - INFO - Starting data cleaning...
2026-04-19 13:23:05,074 - INFO - Null values found: 12
2026-04-19 13:23:05,154 - INFO - Removed 1 rows with null values
2026-04-19 13:23:05,361 - INFO - Duplicate rows found: 0
2026-04-19 13:23:05,361 - INFO - Removing unnecessary columns...
2026-04-19 13:23:05,391 - INFO - Dropped columns: ['CustomerID']
2026-04-19 13:23:05,391 - INFO - Cleaning completed successfully
2026-04-19 13:23:05,402 - INFO - Starting feature  encoding ....
2026-04-19 13:23:05,402 - INFO - Converting Gender : categorical --> numarical 
2026-04-19 13:23:05,496 - INFO - Converting subscription Type : categorical --> Numarical
2026-04-19 13:23:05,535 - INFO - Converting Contract Lenght : categorical --> Numarical
2026-04-19 13:23:05,574 - INFO - Categorical feature Encoding Done ! 
2026-04-19 13:23:05,580 - INFO - Starting Feature Scaling 
2026-04-19 13:23:05,580 - INFO -  Data Loading Started ... 
2026-04-19 13:23:06,075 - INFO - Data Loaded Successfully with shape (440833, 12)
2026-04-19 13:23:06,075 - INFO - Spliting the Data ...
2026-04-19 13:25:20,228 - INFO -  Data Loading Started ... 
2026-04-19 13:25:20,707 - INFO - Data Loaded Successfully with shape (440833, 12)
2026-04-19 13:25:20,707 - INFO - Data Validation Started ... 
2026-04-19 13:25:20,707 - INFO - Checking Requried Columns in data ... 
2026-04-19 13:25:20,707 - INFO - Column Validation Done !
2026-04-19 13:25:20,707 - INFO -  Checking Data types of columns in Data 
2026-04-19 13:25:20,707 - INFO - Data Type Validation is Successfully Completed ! 
2026-04-19 13:25:20,708 - INFO - Checking for Missing And Duplicate values .
2026-04-19 13:25:21,041 - WARNING - Data have 12  : null values  , 0 : duplicate count 
2026-04-19 13:25:21,041 - INFO - Data Validation Done ! 
2026-04-19 13:25:21,041 - INFO - Starting data cleaning...
2026-04-19 13:25:21,112 - INFO - Null values found: 12
2026-04-19 13:25:21,230 - INFO - Removed 1 rows with null values
2026-04-19 13:25:21,441 - INFO - Duplicate rows found: 0
2026-04-19 13:25:21,442 - INFO - Removing unnecessary columns...
2026-04-19 13:25:21,466 - INFO - Dropped columns: ['CustomerID']
2026-04-19 13:25:21,466 - INFO - Cleaning completed successfully
2026-04-19 13:25:21,470 - INFO - Starting feature  encoding ....
2026-04-19 13:25:21,470 - INFO - Converting Gender : categorical --> numarical 
2026-04-19 13:25:21,537 - INFO - Converting subscription Type : categorical --> Numarical
2026-04-19 13:25:21,569 - INFO - Converting Contract Lenght : categorical --> Numarical
2026-04-19 13:25:21,599 - INFO - Categorical feature Encoding Done ! 
2026-04-19 13:25:21,603 - INFO - Starting Feature Scaling 
2026-04-19 13:25:21,603 - INFO -  Data Loading Started ... 
2026-04-19 13:25:22,074 - INFO - Data Loaded Successfully with shape (440833, 12)
2026-04-19 13:25:22,075 - INFO - Spliting the Data ...
2026-04-19 13:34:39,746 - INFO -  Data Loading Started ... 
2026-04-19 13:34:40,348 - INFO - Data Loaded Successfully with shape (440833, 12)
2026-04-19 13:34:40,349 - INFO - Data Validation Started ... 
2026-04-19 13:34:40,349 - INFO - Checking Requried Columns in data ... 
2026-04-19 13:34:40,349 - INFO - Column Validation Done !
2026-04-19 13:34:40,349 - INFO -  Checking Data types of columns in Data 
2026-04-19 13:34:40,349 - INFO - Data Type Validation is Successfully Completed ! 
2026-04-19 13:34:40,349 - INFO - Checking for Missing And Duplicate values .
2026-04-19 13:34:40,749 - WARNING - Data have 12  : null values  , 0 : duplicate count 
2026-04-19 13:34:40,750 - INFO - Data Validation Done ! 
2026-04-19 13:34:40,750 - INFO - Starting data cleaning...
2026-04-19 13:34:40,837 - INFO - Null values found: 12
2026-04-19 13:34:40,931 - INFO - Removed 1 rows with null values
2026-04-19 13:34:41,172 - INFO - Duplicate rows found: 0
2026-04-19 13:34:41,173 - INFO - Removing unnecessary columns...
2026-04-19 13:34:41,197 - INFO - Dropped columns: ['CustomerID']
2026-04-19 13:34:41,198 - INFO - Cleaning completed successfully
2026-04-19 13:34:41,204 - INFO - Starting feature  encoding ....
2026-04-19 13:34:41,204 - INFO - Converting Gender : categorical --> numarical 
2026-04-19 13:34:41,276 - INFO - Converting subscription Type : categorical --> Numarical
2026-04-19 13:34:41,305 - INFO - Converting Contract Lenght : categorical --> Numarical
2026-04-19 13:34:41,334 - INFO - Categorical feature Encoding Done ! 
2026-04-19 13:34:41,338 - INFO - Starting Feature Scaling 
2026-04-19 13:34:41,338 - INFO -  Data Loading Started ... 
2026-04-19 13:34:41,954 - INFO - Data Loaded Successfully with shape (440833, 12)
2026-04-19 13:34:41,955 - INFO - Spliting the Data ...
2026-04-19 13:34:42,057 - INFO - Saving Encoder Model in the Model folder
2026-04-19 13:35:08,068 - INFO -  Data Loading Started ... 
2026-04-19 13:35:08,523 - INFO - Data Loaded Successfully with shape (440833, 12)
2026-04-19 13:35:08,524 - INFO - Data Validation Started ... 
2026-04-19 13:35:08,524 - INFO - Checking Requried Columns in data ... 
2026-04-19 13:35:08,524 - INFO - Column Validation Done !
2026-04-19 13:35:08,524 - INFO -  Checking Data types of columns in Data 
2026-04-19 13:35:08,524 - INFO - Data Type Validation is Successfully Completed ! 
2026-04-19 13:35:08,524 - INFO - Checking for Missing And Duplicate values .
2026-04-19 13:35:08,889 - WARNING - Data have 12  : null values  , 0 : duplicate count 
2026-04-19 13:35:08,889 - INFO - Data Validation Done ! 
2026-04-19 13:35:08,889 - INFO - Starting data cleaning...
2026-04-19 13:35:08,960 - INFO - Null values found: 12
2026-04-19 13:35:09,040 - INFO - Removed 1 rows with null values
2026-04-19 13:35:09,261 - INFO - Duplicate rows found: 0
2026-04-19 13:35:09,261 - INFO - Removing unnecessary columns...
2026-04-19 13:35:09,296 - INFO - Dropped columns: ['CustomerID']
2026-04-19 13:35:09,296 - INFO - Cleaning completed successfully
2026-04-19 13:35:09,304 - INFO - Starting feature  encoding ....
2026-04-19 13:35:09,304 - INFO - Converting Gender : categorical --> numarical 
2026-04-19 13:35:09,444 - INFO - Converting subscription Type : categorical --> Numarical
2026-04-19 13:35:09,497 - INFO - Converting Contract Lenght : categorical --> Numarical
2026-04-19 13:35:09,533 - INFO - Categorical feature Encoding Done ! 
2026-04-19 13:35:09,539 - INFO - Starting Feature Scaling 
2026-04-19 13:35:09,539 - INFO -  Data Loading Started ... 
2026-04-19 13:35:10,124 - INFO - Data Loaded Successfully with shape (440833, 12)
2026-04-19 13:35:10,125 - INFO - Spliting the Data ...
2026-04-19 13:35:10,244 - INFO - Saving Encoder Model in the Model folder
2026-04-19 13:35:10,248 - INFO - Feature Scaling and Scaler-Model Saving is Done ! 
2026-04-19 13:37:48,406 - INFO -  Data Loading Started ... 
2026-04-19 13:37:48,899 - INFO - Data Loaded Successfully with shape (440833, 12)
2026-04-19 13:37:48,900 - INFO -  Data Loading Started ... 
2026-04-19 13:37:49,386 - INFO - Data Loaded Successfully with shape (440833, 12)
2026-04-19 13:37:49,386 - INFO - Data Validation Started ... 
2026-04-19 13:37:49,386 - INFO - Checking Requried Columns in data ... 
2026-04-19 13:37:49,386 - INFO - Column Validation Done !
2026-04-19 13:37:49,386 - INFO -  Checking Data types of columns in Data 
2026-04-19 13:37:49,387 - INFO - Data Type Validation is Successfully Completed ! 
2026-04-19 13:37:49,387 - INFO - Checking for Missing And Duplicate values .
2026-04-19 13:37:49,735 - WARNING - Data have 12  : null values  , 0 : duplicate count 
2026-04-19 13:37:49,735 - INFO - Data Validation Done ! 
2026-04-19 13:37:49,736 - INFO - Starting data cleaning...
2026-04-19 13:37:49,806 - INFO - Null values found: 12
2026-04-19 13:37:49,886 - INFO - Removed 1 rows with null values
2026-04-19 13:37:50,105 - INFO - Duplicate rows found: 0
2026-04-19 13:37:50,105 - INFO - Removing unnecessary columns...
2026-04-19 13:37:50,126 - INFO - Dropped columns: ['CustomerID']
2026-04-19 13:37:50,127 - INFO - Cleaning completed successfully
2026-04-19 13:37:50,132 - INFO - Starting feature  encoding ....
2026-04-19 13:37:50,132 - INFO - Converting Gender : categorical --> numarical 
2026-04-19 13:37:50,199 - INFO - Converting subscription Type : categorical --> Numarical
2026-04-19 13:37:50,239 - INFO - Converting Contract Lenght : categorical --> Numarical
2026-04-19 13:37:50,269 - INFO - Categorical feature Encoding Done ! 
2026-04-19 13:37:50,274 - INFO - Starting Feature Scaling 
2026-04-19 13:37:50,274 - INFO -  Data Loading Started ... 
2026-04-19 13:37:50,772 - INFO - Data Loaded Successfully with shape (440833, 12)
2026-04-19 13:37:50,774 - INFO - Spliting the Data ...
2026-04-19 13:37:50,879 - INFO - Encoder Model file is  alredy is Present
2026-04-19 13:37:50,879 - INFO - Saving Encoder Model in the Model folder
2026-04-19 13:37:50,881 - INFO - Feature Scaling and Scaler-Model Saving is Done ! 
